Arguments: 
  C:\Program Files\nodejs\node.exe C:\Users\Kayo\AppData\Roaming\npm\node_modules\yarn\bin\yarn.js add -D electron @kayooliveira/eslint-plugin

PATH: 
  C:\Users\Kayo\bin;C:\Program Files\Git\mingw64\bin;C:\Program Files\Git\usr\local\bin;C:\Program Files\Git\usr\bin;C:\Program Files\Git\usr\bin;C:\Program Files\Git\mingw64\bin;C:\Program Files\Git\usr\bin;C:\Users\Kayo\bin;C:\Program Files (x86)\Common Files\Oracle\Java\javapath;C:\Windows\system32;C:\Windows;C:\Windows\System32\Wbem;C:\Windows\System32\WindowsPowerShell\v1.0;C:\Windows\System32\OpenSSH;C:\Program Files\Git\cmd;C:\xampp\php;C:\ProgramData\ComposerSetup\bin;C:\Program Files\PuTTY;C:\Program Files\nodejs;C:\Program Files (x86)\dotnet;C:\Users\Kayo\AppData\Local\Microsoft\WindowsApps;C:\Users\Kayo\AppData\Local\Programs\Microsoft VS Code\bin;C:\Users\Kayo\AppData\Roaming\npm;C:\Program Files\Git\usr\bin\vendor_perl;C:\Program Files\Git\usr\bin\core_perl

Yarn version: 
  1.22.17

Node version: 
  16.13.2

Platform: 
  win32 x64

Trace: 
  Error: https://registry.yarnpkg.com/@kayooliveira%2feslint-plugin: Not found
      at Request.params.callback [as _callback] (C:\Users\Kayo\AppData\Roaming\npm\node_modules\yarn\lib\cli.js:67029:18)
      at Request.self.callback (C:\Users\Kayo\AppData\Roaming\npm\node_modules\yarn\lib\cli.js:140883:22)
      at Request.emit (node:events:390:28)
      at Request.<anonymous> (C:\Users\Kayo\AppData\Roaming\npm\node_modules\yarn\lib\cli.js:141855:10)
      at Request.emit (node:events:390:28)
      at IncomingMessage.<anonymous> (C:\Users\Kayo\AppData\Roaming\npm\node_modules\yarn\lib\cli.js:141777:12)
      at Object.onceWrapper (node:events:509:28)
      at IncomingMessage.emit (node:events:402:35)
      at endReadableNT (node:internal/streams/readable:1343:12)
      at processTicksAndRejections (node:internal/process/task_queues:83:21)

npm manifest: 
  {
    "name": "LabsAPP",
    "version": "0.0.1",
    "description": "Electron app to Lifevet Labs",
    "main": "src/app.ts",
    "repository": "https://github.com/kayooliveira/labs-desktop",
    "author": "Kayo Oliveira <contato@kayooliveira.com>",
    "license": "ISC",
    "private": true
  }

yarn manifest: 
  No manifest

Lockfile: 
  No lockfile
